[runner] cmd=docker exec -i flink-jobmanager /opt/flink/bin/flink run -py /opt/flink/pyjobs/anomaly_detection_job.py
[runner] sys.executable=/home/ibrahim/fastapi-boilerplate/venv/bin/python3
[runner] cwd=/home/ibrahim/fastapi-boilerplate
[runner] VIRTUAL_ENV=/home/ibrahim/fastapi-boilerplate/venv
[runner] PATH=/home/ibrahim/fastapi-boilerplate/venv/bin:/home/ibrahim/fastapi-boilerplate/venv/bin:/home/ibrahim/.local/bin:/usr/local/sbin:/usr/local/bin:/usr/sbin:/usr/bin:/sbin:/bin:/usr/games:/usr/local/games:/usr/lib/wsl/lib:/c/Windows/System32:/c/Windows:/c/oraclexe/app/oracle/product/11.2.0/server/bin:/c/Program Files (x86)/VMware/VMware Workstation/bin/:/c/Program Files (x86)/Common Files/Oracle/Java/javapath:/c/oraclexe/app/oracle/product/11.2.0/server/bin:/c/Program Files/Eclipse Adoptium/jdk-17.0.4.101-hotspot/bin:/c/oraclexe/app/oracle/product/11.2.0/server/bin:/c/Program Files (x86)/Common Files/Intel/Shared Libraries/redist/intel64/compiler:/c/Windows/system32:/c/Windows:/c/Windows/System32/Wbem:/c/Windows/System32/WindowsPowerShell/v1.0/:/c/Windows/System32/OpenSSH/:/c/Program Files (x86)/NVIDIA Corporation/PhysX/Common:/c/Program Files/NVIDIA Corporation/NVIDIA NvDLISR:/c/instantclient12_2:/c/oraclexe/app/oracle/admin/XE:/c/oraclexe:/c/Strawberry/c/bin:/c/Strawberry/perl/site/bin:/c/Strawberry/perl/bin:/c/Program Files/Git/cmd:/c/Program Files/TortoiseGit/bin:/c/xampp/php:/c/ProgramData/chocolatey/bin:/c/composer:/c/Program Files/Java/jdk1.8.0_202/bin/java.exe:/c/Program Files/Microsoft SQL Server/150/Tools/Binn/:/c/Program Files/Microsoft SQL Server/Client SDK/ODBC/170/Tools/Binn/:/c/Program Files/dotnet/:/c/Program Files/Kubernetes/Minikube:/c/Program Files/Docker/Docker/resources/bin:/c/Program Files/nodejs/:/c/Python312/:/c/Users/MSI/Desktop/Pointeuse-jump/venv/Scripts/:/c/Users/MSI/Desktop/sascode/tuto-test/Django-React-Full-Stack-App-main/venv/Scripts:/c/Program Files/Graphviz/bin:/c/Program Files/apache-maven-3.9.9/bin:/c/Users/MSI/scoop/shims:/c/Users/MSI/AppData/Local/Microsoft/WindowsApps:/c/Users/MSI/AppData/Local/GitHubDesktop/bin:/c/Users/MSI/AppData/Roaming/Composer/vendor/bin:/c/Users/MSI/.dotnet/tools:/c/Program Files/JetBrains/IntelliJ IDEA 2023.3.3/bin:/c/Users/MSI/AppData/Roaming/npm:/c/Users/MSI/AppData/Local/Programs/Microsoft VS Code/bin:/c/Users/MSI/AppData/Roaming/Python/Python312/Scripts:/snap/bin
[runner] PYTHONPATH=/home/ibrahim/fastapi-boilerplate:
WARNING: sun.reflect.Reflection.getCallerClass is not supported. This will impact performance.
SLF4J: Class path contains multiple SLF4J bindings.
2025-09-01 10:05:57.805731: I tensorflow/tsl/cuda/cudart_stub.cc:28] Could not find cuda drivers on your machine, GPU will not be used.
SLF4J: Found binding in [jar:file:/opt/flink/lib/flink-1.17.2/bin/bash-java-utils.jar!/org/slf4j/impl/StaticLoggerBinder.class]
2025-09-01 10:05:58.266306: I tensorflow/tsl/cuda/cudart_stub.cc:28] Could not find cuda drivers on your machine, GPU will not be used.
SLF4J: Found binding in [jar:file:/opt/flink/lib/flink-1.17.2/lib/log4j-slf4j-impl-2.17.1.jar!/org/slf4j/impl/StaticLoggerBinder.class]
2025-09-01 10:05:58.267839: I tensorflow/core/platform/cpu_feature_guard.cc:182] This TensorFlow binary is optimized to use available CPU instructions in performance-critical operations.
SLF4J: See http://www.slf4j.org/codes.html#multiple_bindings for an explanation.
To enable the following instructions: AVX2 FMA, in other operations, rebuild TensorFlow with the appropriate compiler flags.
SLF4J: Actual binding is of type [org.apache.logging.slf4j.Log4jLoggerFactory]
2025-09-01 10:06:00.189756: W tensorflow/compiler/tf2tensorrt/utils/py_utils.cc:38] TF-TRT Warning: Could not find TensorRT
WARNING: An illegal reflective access operation has occurred
/usr/local/lib/python3.10/dist-packages/sklearn/base.py:442: InconsistentVersionWarning: Trying to unpickle estimator StandardScaler from version 1.7.0 when using version 1.7.1. This might lead to breaking code or invalid results. Use at your own risk. For more info please refer to:
WARNING: Illegal reflective access by org.apache.flink.python.util.PythonConfigUtil (file:/opt/flink/lib/flink-1.17.2/opt/flink-python-1.17.2.jar) to field java.util.Collections$UnmodifiableMap.m
https://scikit-learn.org/stable/model_persistence.html#security-maintainability-limitations
WARNING: Please consider reporting this to the maintainers of org.apache.flink.python.util.PythonConfigUtil
  warnings.warn(
WARNING: Use --illegal-access=warn to enable warnings of further illegal reflective access operations
/usr/local/lib/python3.10/dist-packages/sklearn/base.py:442: InconsistentVersionWarning: Trying to unpickle estimator OneHotEncoder from version 1.7.0 when using version 1.7.1. This might lead to breaking code or invalid results. Use at your own risk. For more info please refer to:
WARNING: All illegal access operations will be denied in a future release
https://scikit-learn.org/stable/model_persistence.html#security-maintainability-limitations
