[runner] cmd=docker exec -i flink-jobmanager /opt/flink/bin/flink run -py /opt/flink/pyjobs/data_cleaning_job.py
[runner] sys.executable=/home/ibrahim/fastapi-boilerplate/venv/bin/python3
[runner] cwd=/home/ibrahim/fastapi-boilerplate
[runner] VIRTUAL_ENV=/home/ibrahim/fastapi-boilerplate/venv
[runner] PATH=/home/ibrahim/fastapi-boilerplate/venv/bin:/home/ibrahim/fastapi-boilerplate/venv/bin:/home/ibrahim/.local/bin:/usr/local/sbin:/usr/local/bin:/usr/sbin:/usr/bin:/sbin:/bin:/usr/games:/usr/local/games:/usr/lib/wsl/lib:/c/Windows/System32:/c/Windows:/c/oraclexe/app/oracle/product/11.2.0/server/bin:/c/Program Files (x86)/VMware/VMware Workstation/bin/:/c/Program Files (x86)/Common Files/Oracle/Java/javapath:/c/oraclexe/app/oracle/product/11.2.0/server/bin:/c/Program Files/Eclipse Adoptium/jdk-17.0.4.101-hotspot/bin:/c/oraclexe/app/oracle/product/11.2.0/server/bin:/c/Program Files (x86)/Common Files/Intel/Shared Libraries/redist/intel64/compiler:/c/Windows/system32:/c/Windows:/c/Windows/System32/Wbem:/c/Windows/System32/WindowsPowerShell/v1.0/:/c/Windows/System32/OpenSSH/:/c/Program Files (x86)/NVIDIA Corporation/PhysX/Common:/c/Program Files/NVIDIA Corporation/NVIDIA NvDLISR:/c/instantclient12_2:/c/oraclexe/app/oracle/admin/XE:/c/oraclexe:/c/Strawberry/c/bin:/c/Strawberry/perl/site/bin:/c/Strawberry/perl/bin:/c/Program Files/Git/cmd:/c/Program Files/TortoiseGit/bin:/c/xampp/php:/c/ProgramData/chocolatey/bin:/c/composer:/c/Program Files/Java/jdk1.8.0_202/bin/java.exe:/c/Program Files/Microsoft SQL Server/150/Tools/Binn/:/c/Program Files/Microsoft SQL Server/Client SDK/ODBC/170/Tools/Binn/:/c/Program Files/dotnet/:/c/Program Files/Kubernetes/Minikube:/c/Program Files/Docker/Docker/resources/bin:/c/Program Files/nodejs/:/c/Python312/:/c/Users/MSI/Desktop/Pointeuse-jump/venv/Scripts/:/c/Users/MSI/Desktop/sascode/tuto-test/Django-React-Full-Stack-App-main/venv/Scripts:/c/Program Files/Graphviz/bin:/c/Program Files/apache-maven-3.9.9/bin:/c/Users/MSI/scoop/shims:/c/Users/MSI/AppData/Local/Microsoft/WindowsApps:/c/Users/MSI/AppData/Local/GitHubDesktop/bin:/c/Users/MSI/AppData/Roaming/Composer/vendor/bin:/c/Users/MSI/.dotnet/tools:/c/Program Files/JetBrains/IntelliJ IDEA 2023.3.3/bin:/c/Users/MSI/AppData/Roaming/npm:/c/Users/MSI/AppData/Local/Programs/Microsoft VS Code/bin:/c/Users/MSI/AppData/Roaming/Python/Python312/Scripts:/snap/bin
[runner] PYTHONPATH=/home/ibrahim/fastapi-boilerplate:
WARNING: sun.reflect.Reflection.getCallerClass is not supported. This will impact performance.
SLF4J: Class path contains multiple SLF4J bindings.
Job has been submitted with JobID 7cf0d9eb3be3e94d1c94d67dcedc3d9a
SLF4J: Found binding in [jar:file:/opt/flink/lib/flink-1.17.2/bin/bash-java-utils.jar!/org/slf4j/impl/StaticLoggerBinder.class]
Traceback (most recent call last):
SLF4J: Found binding in [jar:file:/opt/flink/lib/flink-1.17.2/lib/log4j-slf4j-impl-2.17.1.jar!/org/slf4j/impl/StaticLoggerBinder.class]
  File "/opt/flink/pyjobs/data_cleaning_job.py", line 159, in <module>
SLF4J: See http://www.slf4j.org/codes.html#multiple_bindings for an explanation.
    env.execute("Smart Flink Metric Cleaning Job")
SLF4J: Actual binding is of type [org.apache.logging.slf4j.Log4jLoggerFactory]
  File "/opt/flink/opt/python/pyflink.zip/pyflink/datastream/stream_execution_environment.py", line 764, in execute
WARNING: An illegal reflective access operation has occurred
  File "/opt/flink/opt/python/py4j-0.10.9.7-src.zip/py4j/java_gateway.py", line 1322, in __call__
WARNING: Illegal reflective access by org.apache.flink.api.java.ClosureCleaner (file:/opt/flink/lib/flink-1.17.2/lib/flink-dist-1.17.2.jar) to field java.util.Properties.serialVersionUID
  File "/opt/flink/opt/python/pyflink.zip/pyflink/util/exceptions.py", line 146, in deco
WARNING: Please consider reporting this to the maintainers of org.apache.flink.api.java.ClosureCleaner
  File "/opt/flink/opt/python/py4j-0.10.9.7-src.zip/py4j/protocol.py", line 326, in get_return_value
WARNING: Use --illegal-access=warn to enable warnings of further illegal reflective access operations
py4j.protocol.Py4JJavaError: An error occurred while calling o8.execute.
: java.util.concurrent.ExecutionException: org.apache.flink.client.program.ProgramInvocationException: Job failed (JobID: 7cf0d9eb3be3e94d1c94d67dcedc3d9a)
	at java.base/java.util.concurrent.CompletableFuture.reportGet(Unknown Source)
	at java.base/java.util.concurrent.CompletableFuture.get(Unknown Source)
	at org.apache.flink.client.program.StreamContextEnvironment.getJobExecutionResult(StreamContextEnvironment.java:171)
	at org.apache.flink.client.program.StreamContextEnvironment.execute(StreamContextEnvironment.java:122)
	at java.base/jdk.internal.reflect.NativeMethodAccessorImpl.invoke0(Native Method)
	at java.base/jdk.internal.reflect.NativeMethodAccessorImpl.invoke(Unknown Source)
	at java.base/jdk.internal.reflect.DelegatingMethodAccessorImpl.invoke(Unknown Source)
	at java.base/java.lang.reflect.Method.invoke(Unknown Source)
	at org.apache.flink.api.python.shaded.py4j.reflection.MethodInvoker.invoke(MethodInvoker.java:244)
	at org.apache.flink.api.python.shaded.py4j.reflection.ReflectionEngine.invoke(ReflectionEngine.java:374)
	at org.apache.flink.api.python.shaded.py4j.Gateway.invoke(Gateway.java:282)
	at org.apache.flink.api.python.shaded.py4j.commands.AbstractCommand.invokeMethod(AbstractCommand.java:132)
	at org.apache.flink.api.python.shaded.py4j.commands.CallCommand.execute(CallCommand.java:79)
	at org.apache.flink.api.python.shaded.py4j.GatewayConnection.run(GatewayConnection.java:238)
	at java.base/java.lang.Thread.run(Unknown Source)
Caused by: org.apache.flink.client.program.ProgramInvocationException: Job failed (JobID: 7cf0d9eb3be3e94d1c94d67dcedc3d9a)
	at org.apache.flink.client.deployment.ClusterClientJobClientAdapter.lambda$null$6(ClusterClientJobClientAdapter.java:130)
	at java.base/java.util.concurrent.CompletableFuture$UniApply.tryFire(Unknown Source)
	at java.base/java.util.concurrent.CompletableFuture.postComplete(Unknown Source)
	at java.base/java.util.concurrent.CompletableFuture.complete(Unknown Source)
	at org.apache.flink.util.concurrent.FutureUtils.lambda$retryOperationWithDelay$6(FutureUtils.java:302)
	at java.base/java.util.concurrent.CompletableFuture.uniWhenComplete(Unknown Source)
	at java.base/java.util.concurrent.CompletableFuture$UniWhenComplete.tryFire(Unknown Source)
	at java.base/java.util.concurrent.CompletableFuture.postComplete(Unknown Source)
	at java.base/java.util.concurrent.CompletableFuture.complete(Unknown Source)
	at org.apache.flink.client.program.rest.RestClusterClient.lambda$pollResourceAsync$33(RestClusterClient.java:789)
	at java.base/java.util.concurrent.CompletableFuture.uniWhenComplete(Unknown Source)
	at java.base/java.util.concurrent.CompletableFuture$UniWhenComplete.tryFire(Unknown Source)
	at java.base/java.util.concurrent.CompletableFuture.postComplete(Unknown Source)
	at java.base/java.util.concurrent.CompletableFuture.complete(Unknown Source)
	at org.apache.flink.util.concurrent.FutureUtils.lambda$retryOperationWithDelay$6(FutureUtils.java:302)
	at java.base/java.util.concurrent.CompletableFuture.uniWhenComplete(Unknown Source)
	at java.base/java.util.concurrent.CompletableFuture$UniWhenComplete.tryFire(Unknown Source)
	at java.base/java.util.concurrent.CompletableFuture.postComplete(Unknown Source)
	at java.base/java.util.concurrent.CompletableFuture.postFire(Unknown Source)
	at java.base/java.util.concurrent.CompletableFuture$UniCompose.tryFire(Unknown Source)
	at java.base/java.util.concurrent.CompletableFuture$Completion.run(Unknown Source)
	at java.base/java.util.concurrent.ThreadPoolExecutor.runWorker(Unknown Source)
	at java.base/java.util.concurrent.ThreadPoolExecutor$Worker.run(Unknown Source)
	... 1 more
Caused by: org.apache.flink.runtime.client.JobCancellationException: Job was cancelled.
	at org.apache.flink.runtime.jobmaster.JobResult.toJobExecutionResult(JobResult.java:146)
	at org.apache.flink.client.deployment.ClusterClientJobClientAdapter.lambda$null$6(ClusterClientJobClientAdapter.java:128)
	... 23 more

WARNING: All illegal access operations will be denied in a future release
org.apache.flink.client.program.ProgramAbortException: java.lang.RuntimeException: Python process exits with code: 1
	at org.apache.flink.client.python.PythonDriver.main(PythonDriver.java:140)
	at java.base/jdk.internal.reflect.NativeMethodAccessorImpl.invoke0(Native Method)
	at java.base/jdk.internal.reflect.NativeMethodAccessorImpl.invoke(Unknown Source)
	at java.base/jdk.internal.reflect.DelegatingMethodAccessorImpl.invoke(Unknown Source)
	at java.base/java.lang.reflect.Method.invoke(Unknown Source)
	at org.apache.flink.client.program.PackagedProgram.callMainMethod(PackagedProgram.java:355)
	at org.apache.flink.client.program.PackagedProgram.invokeInteractiveModeForExecution(PackagedProgram.java:222)
	at org.apache.flink.client.ClientUtils.executeProgram(ClientUtils.java:105)
	at org.apache.flink.client.cli.CliFrontend.executeProgram(CliFrontend.java:851)
	at org.apache.flink.client.cli.CliFrontend.run(CliFrontend.java:245)
	at org.apache.flink.client.cli.CliFrontend.parseAndRun(CliFrontend.java:1095)
	at org.apache.flink.client.cli.CliFrontend.lambda$mainInternal$9(CliFrontend.java:1189)
	at java.base/java.security.AccessController.doPrivileged(Native Method)
	at java.base/javax.security.auth.Subject.doAs(Unknown Source)
	at org.apache.hadoop.security.UserGroupInformation.doAs(UserGroupInformation.java:1878)
	at org.apache.flink.runtime.security.contexts.HadoopSecurityContext.runSecured(HadoopSecurityContext.java:41)
	at org.apache.flink.client.cli.CliFrontend.mainInternal(CliFrontend.java:1189)
	at org.apache.flink.client.cli.CliFrontend.main(CliFrontend.java:1157)
Caused by: java.lang.RuntimeException: Python process exits with code: 1
	at org.apache.flink.client.python.PythonDriver.main(PythonDriver.java:130)
	... 17 more
