[runner] trainer=incident-classifier
[runner] sys.executable=/home/ibrahim/fastapi-boilerplate/venv/bin/python3
[runner] cmd=/home/ibrahim/fastapi-boilerplate/venv/bin/python3 -m scripts.train_incident_classifier
[runner] cwd=/home/ibrahim/fastapi-boilerplate
[runner] VIRTUAL_ENV=/home/ibrahim/fastapi-boilerplate/venv
[runner] PATH=/home/ibrahim/fastapi-boilerplate/venv/bin:/home/ibrahim/fastapi-boilerplate/venv/bin:/home/ibrahim/.local/bin:/usr/local/sbin:/usr/local/bin:/usr/sbin:/usr/bin:/sbin:/bin:/usr/games:/usr/local/games:/usr/lib/wsl/lib:/c/Windows/System32:/c/Windows:/c/oraclexe/app/oracle/product/11.2.0/server/bin:/c/Program Files (x86)/VMware/VMware Workstation/bin/:/c/Program Files (x86)/Common Files/Oracle/Java/javapath:/c/oraclexe/app/oracle/product/11.2.0/server/bin:/c/Program Files/Eclipse Adoptium/jdk-17.0.4.101-hotspot/bin:/c/oraclexe/app/oracle/product/11.2.0/server/bin:/c/Program Files (x86)/Common Files/Intel/Shared Libraries/redist/intel64/compiler:/c/Windows/system32:/c/Windows:/c/Windows/System32/Wbem:/c/Windows/System32/WindowsPowerShell/v1.0/:/c/Windows/System32/OpenSSH/:/c/Program Files (x86)/NVIDIA Corporation/PhysX/Common:/c/Program Files/NVIDIA Corporation/NVIDIA NvDLISR:/c/instantclient12_2:/c/oraclexe/app/oracle/admin/XE:/c/oraclexe:/c/Strawberry/c/bin:/c/Strawberry/perl/site/bin:/c/Strawberry/perl/bin:/c/Program Files/Git/cmd:/c/Program Files/TortoiseGit/bin:/c/xampp/php:/c/ProgramData/chocolatey/bin:/c/composer:/c/Program Files/Java/jdk1.8.0_202/bin/java.exe:/c/Program Files/Microsoft SQL Server/150/Tools/Binn/:/c/Program Files/Microsoft SQL Server/Client SDK/ODBC/170/Tools/Binn/:/c/Program Files/dotnet/:/c/Program Files/Kubernetes/Minikube:/c/Program Files/Docker/Docker/resources/bin:/c/Program Files/nodejs/:/c/Python312/:/c/Users/MSI/Desktop/Pointeuse-jump/venv/Scripts/:/c/Users/MSI/Desktop/sascode/tuto-test/Django-React-Full-Stack-App-main/venv/Scripts:/c/Program Files/Graphviz/bin:/c/Program Files/apache-maven-3.9.9/bin:/c/Users/MSI/scoop/shims:/c/Users/MSI/AppData/Local/Microsoft/WindowsApps:/c/Users/MSI/AppData/Local/GitHubDesktop/bin:/c/Users/MSI/AppData/Roaming/Composer/vendor/bin:/c/Users/MSI/.dotnet/tools:/c/Program Files/JetBrains/IntelliJ IDEA 2023.3.3/bin:/c/Users/MSI/AppData/Roaming/npm:/c/Users/MSI/AppData/Local/Programs/Microsoft VS Code/bin:/c/Users/MSI/AppData/Roaming/Python/Python312/Scripts:/snap/bin
[runner] PYTHONPATH=/home/ibrahim/fastapi-boilerplate:
[runner] TF_CPP_MIN_LOG_LEVEL=2
✅ Accuracy: 1.0000  |  F1 (weighted): 1.0000
              precision    recall  f1-score   support

           0      1.000     1.000     1.000        26
           1      1.000     1.000     1.000        27
           2      1.000     1.000     1.000        22
           3      1.000     1.000     1.000        26
           4      1.000     1.000     1.000        25
           5      1.000     1.000     1.000        25
           6      1.000     1.000     1.000        25
           7      1.000     1.000     1.000        24

    accuracy                          1.000       200
   macro avg      1.000     1.000     1.000       200
weighted avg      1.000     1.000     1.000       200

💾 Saved: scripts/incident_type_classifier.pkl, scripts/incident_type_label_encoder.pkl, scripts/incident_type_feature_columns.pkl
{
  "model": "xgb-incident-classifier",
  "status": "succeeded",
  "accuracy": 1.0,
  "f1_weighted": 1.0,
  "trained_at": "2025-09-01T07:14:07.403214+00:00"
}
