[runner] trainer=prophet-cpu
[runner] sys.executable=/home/ibrahim/fastapi-boilerplate/venv/bin/python3
[runner] cmd=/home/ibrahim/fastapi-boilerplate/venv/bin/python3 -m scripts.train_prophet_models --data_root data/prophet_ready_csv/node_cpu_utilization --out_root models/prophet --initial 7 days --horizon 2 days --period 12 hours --cps 0.05,0.1,0.2,0.3 --sps 0.1,1.0,5.0 --seasonality_mode additive --interval_width 0.9 --mae_thr 0.05 --rmse_thr 0.05 --smape_thr 0.10 --coverage_low 0.75 --coverage_high 0.90
[runner] cwd=/home/ibrahim/fastapi-boilerplate
[runner] VIRTUAL_ENV=/home/ibrahim/fastapi-boilerplate/venv
[runner] PATH=/home/ibrahim/fastapi-boilerplate/venv/bin:/home/ibrahim/fastapi-boilerplate/venv/bin:/home/ibrahim/.local/bin:/usr/local/sbin:/usr/local/bin:/usr/sbin:/usr/bin:/sbin:/bin:/usr/games:/usr/local/games:/usr/lib/wsl/lib:/c/Windows/System32:/c/Windows:/c/oraclexe/app/oracle/product/11.2.0/server/bin:/c/Program Files (x86)/VMware/VMware Workstation/bin/:/c/Program Files (x86)/Common Files/Oracle/Java/javapath:/c/oraclexe/app/oracle/product/11.2.0/server/bin:/c/Program Files/Eclipse Adoptium/jdk-17.0.4.101-hotspot/bin:/c/oraclexe/app/oracle/product/11.2.0/server/bin:/c/Program Files (x86)/Common Files/Intel/Shared Libraries/redist/intel64/compiler:/c/Windows/system32:/c/Windows:/c/Windows/System32/Wbem:/c/Windows/System32/WindowsPowerShell/v1.0/:/c/Windows/System32/OpenSSH/:/c/Program Files (x86)/NVIDIA Corporation/PhysX/Common:/c/Program Files/NVIDIA Corporation/NVIDIA NvDLISR:/c/instantclient12_2:/c/oraclexe/app/oracle/admin/XE:/c/oraclexe:/c/Strawberry/c/bin:/c/Strawberry/perl/site/bin:/c/Strawberry/perl/bin:/c/Program Files/Git/cmd:/c/Program Files/TortoiseGit/bin:/c/xampp/php:/c/ProgramData/chocolatey/bin:/c/composer:/c/Program Files/Java/jdk1.8.0_202/bin/java.exe:/c/Program Files/Microsoft SQL Server/150/Tools/Binn/:/c/Program Files/Microsoft SQL Server/Client SDK/ODBC/170/Tools/Binn/:/c/Program Files/dotnet/:/c/Program Files/Kubernetes/Minikube:/c/Program Files/Docker/Docker/resources/bin:/c/Program Files/nodejs/:/c/Python312/:/c/Users/MSI/Desktop/Pointeuse-jump/venv/Scripts/:/c/Users/MSI/Desktop/sascode/tuto-test/Django-React-Full-Stack-App-main/venv/Scripts:/c/Program Files/Graphviz/bin:/c/Program Files/apache-maven-3.9.9/bin:/c/Users/MSI/scoop/shims:/c/Users/MSI/AppData/Local/Microsoft/WindowsApps:/c/Users/MSI/AppData/Local/GitHubDesktop/bin:/c/Users/MSI/AppData/Roaming/Composer/vendor/bin:/c/Users/MSI/.dotnet/tools:/c/Program Files/JetBrains/IntelliJ IDEA 2023.3.3/bin:/c/Users/MSI/AppData/Roaming/npm:/c/Users/MSI/AppData/Local/Programs/Microsoft VS Code/bin:/c/Users/MSI/AppData/Roaming/Python/Python312/Scripts:/snap/bin
[runner] PYTHONPATH=/home/ibrahim/fastapi-boilerplate:
[runner] TF_CPP_MIN_LOG_LEVEL=2

Importing plotly failed. Interactive plots will not work.
=== Training [node_cpu_utilization] on [node-exporter:9100] ===
23:34:19 - cmdstanpy - INFO - Chain [1] start processing
CSV: data/prophet_ready_csv/node_cpu_utilization/node-exporter:9100.csv
23:34:28 - cmdstanpy - INFO - Chain [1] done processing
  0%|          | 0/11 [00:00<?, ?it/s]23:34:28 - cmdstanpy - INFO - Chain [1] start processing
23:34:29 - cmdstanpy - INFO - Chain [1] done processing
  9%|▉         | 1/11 [00:01<00:15,  1.50s/it]23:34:30 - cmdstanpy - INFO - Chain [1] start processing
23:34:31 - cmdstanpy - INFO - Chain [1] done processing
 18%|█▊        | 2/11 [00:03<00:18,  2.06s/it]23:34:32 - cmdstanpy - INFO - Chain [1] start processing
23:34:34 - cmdstanpy - INFO - Chain [1] done processing
 27%|██▋       | 3/11 [00:06<00:19,  2.44s/it]23:34:35 - cmdstanpy - INFO - Chain [1] start processing
23:34:39 - cmdstanpy - INFO - Chain [1] done processing
 36%|███▋      | 4/11 [00:11<00:24,  3.50s/it]23:34:40 - cmdstanpy - INFO - Chain [1] start processing
23:34:43 - cmdstanpy - INFO - Chain [1] done processing
 45%|████▌     | 5/11 [00:15<00:21,  3.53s/it]23:34:44 - cmdstanpy - INFO - Chain [1] start processing
23:34:48 - cmdstanpy - INFO - Chain [1] done processing
 55%|█████▍    | 6/11 [00:20<00:19,  3.97s/it]23:34:49 - cmdstanpy - INFO - Chain [1] start processing
23:34:55 - cmdstanpy - INFO - Chain [1] done processing
 64%|██████▎   | 7/11 [00:28<00:21,  5.26s/it]23:34:57 - cmdstanpy - INFO - Chain [1] start processing
23:35:03 - cmdstanpy - INFO - Chain [1] done processing
 73%|███████▎  | 8/11 [00:36<00:18,  6.11s/it]23:35:05 - cmdstanpy - INFO - Chain [1] start processing
23:35:13 - cmdstanpy - INFO - Chain [1] done processing
